CRITICAL - 2021-12-22 15:16:22 --> Too few arguments to function App\Controllers\Verse::range(), 4 passed in /Applications/MAMP/htdocs/bible-php-mysql-api/vendor/codeigniter4/framework/system/CodeIgniter.php on line 824 and exactly 5 expected
#0 /Applications/MAMP/htdocs/bible-php-mysql-api/vendor/codeigniter4/framework/system/CodeIgniter.php(824): App\Controllers\Verse->range('bg', 'Bit', '1', '2-3')
#1 /Applications/MAMP/htdocs/bible-php-mysql-api/vendor/codeigniter4/framework/system/CodeIgniter.php(410): CodeIgniter\CodeIgniter->runController(Object(App\Controllers\Verse))
#2 /Applications/MAMP/htdocs/bible-php-mysql-api/vendor/codeigniter4/framework/system/CodeIgniter.php(318): CodeIgniter\CodeIgniter->handleRequest(NULL, Object(Config\Cache), false)
#3 /Applications/MAMP/htdocs/bible-php-mysql-api/public/index.php(37): CodeIgniter\CodeIgniter->run()
#4 {main}
CRITICAL - 2021-12-22 15:16:39 --> Too few arguments to function App\Controllers\Verse::range(), 4 passed in /Applications/MAMP/htdocs/bible-php-mysql-api/vendor/codeigniter4/framework/system/CodeIgniter.php on line 824 and exactly 5 expected
#0 /Applications/MAMP/htdocs/bible-php-mysql-api/vendor/codeigniter4/framework/system/CodeIgniter.php(824): App\Controllers\Verse->range('bg', 'Bit', '1', '2-3')
#1 /Applications/MAMP/htdocs/bible-php-mysql-api/vendor/codeigniter4/framework/system/CodeIgniter.php(410): CodeIgniter\CodeIgniter->runController(Object(App\Controllers\Verse))
#2 /Applications/MAMP/htdocs/bible-php-mysql-api/vendor/codeigniter4/framework/system/CodeIgniter.php(318): CodeIgniter\CodeIgniter->handleRequest(NULL, Object(Config\Cache), false)
#3 /Applications/MAMP/htdocs/bible-php-mysql-api/public/index.php(37): CodeIgniter\CodeIgniter->run()
#4 {main}
CRITICAL - 2021-12-22 15:16:41 --> Too few arguments to function App\Controllers\Verse::range(), 4 passed in /Applications/MAMP/htdocs/bible-php-mysql-api/vendor/codeigniter4/framework/system/CodeIgniter.php on line 824 and exactly 5 expected
#0 /Applications/MAMP/htdocs/bible-php-mysql-api/vendor/codeigniter4/framework/system/CodeIgniter.php(824): App\Controllers\Verse->range('bg', 'Bit', '1', '2-3')
#1 /Applications/MAMP/htdocs/bible-php-mysql-api/vendor/codeigniter4/framework/system/CodeIgniter.php(410): CodeIgniter\CodeIgniter->runController(Object(App\Controllers\Verse))
#2 /Applications/MAMP/htdocs/bible-php-mysql-api/vendor/codeigniter4/framework/system/CodeIgniter.php(318): CodeIgniter\CodeIgniter->handleRequest(NULL, Object(Config\Cache), false)
#3 /Applications/MAMP/htdocs/bible-php-mysql-api/public/index.php(37): CodeIgniter\CodeIgniter->run()
#4 {main}
CRITICAL - 2021-12-22 15:16:43 --> Too few arguments to function App\Controllers\Verse::range(), 4 passed in /Applications/MAMP/htdocs/bible-php-mysql-api/vendor/codeigniter4/framework/system/CodeIgniter.php on line 824 and exactly 5 expected
#0 /Applications/MAMP/htdocs/bible-php-mysql-api/vendor/codeigniter4/framework/system/CodeIgniter.php(824): App\Controllers\Verse->range('bg', 'Bit', '1', '2-3')
#1 /Applications/MAMP/htdocs/bible-php-mysql-api/vendor/codeigniter4/framework/system/CodeIgniter.php(410): CodeIgniter\CodeIgniter->runController(Object(App\Controllers\Verse))
#2 /Applications/MAMP/htdocs/bible-php-mysql-api/vendor/codeigniter4/framework/system/CodeIgniter.php(318): CodeIgniter\CodeIgniter->handleRequest(NULL, Object(Config\Cache), false)
#3 /Applications/MAMP/htdocs/bible-php-mysql-api/public/index.php(37): CodeIgniter\CodeIgniter->run()
#4 {main}
CRITICAL - 2021-12-22 15:16:46 --> Too few arguments to function App\Controllers\Verse::range(), 4 passed in /Applications/MAMP/htdocs/bible-php-mysql-api/vendor/codeigniter4/framework/system/CodeIgniter.php on line 824 and exactly 5 expected
#0 /Applications/MAMP/htdocs/bible-php-mysql-api/vendor/codeigniter4/framework/system/CodeIgniter.php(824): App\Controllers\Verse->range('bg', 'Bit', '1', '2-3')
#1 /Applications/MAMP/htdocs/bible-php-mysql-api/vendor/codeigniter4/framework/system/CodeIgniter.php(410): CodeIgniter\CodeIgniter->runController(Object(App\Controllers\Verse))
#2 /Applications/MAMP/htdocs/bible-php-mysql-api/vendor/codeigniter4/framework/system/CodeIgniter.php(318): CodeIgniter\CodeIgniter->handleRequest(NULL, Object(Config\Cache), false)
#3 /Applications/MAMP/htdocs/bible-php-mysql-api/public/index.php(37): CodeIgniter\CodeIgniter->run()
#4 {main}
CRITICAL - 2021-12-22 15:16:50 --> Too few arguments to function App\Controllers\Verse::range(), 4 passed in /Applications/MAMP/htdocs/bible-php-mysql-api/vendor/codeigniter4/framework/system/CodeIgniter.php on line 824 and exactly 5 expected
#0 /Applications/MAMP/htdocs/bible-php-mysql-api/vendor/codeigniter4/framework/system/CodeIgniter.php(824): App\Controllers\Verse->range('bg', 'Bit', '1', '2-3')
#1 /Applications/MAMP/htdocs/bible-php-mysql-api/vendor/codeigniter4/framework/system/CodeIgniter.php(410): CodeIgniter\CodeIgniter->runController(Object(App\Controllers\Verse))
#2 /Applications/MAMP/htdocs/bible-php-mysql-api/vendor/codeigniter4/framework/system/CodeIgniter.php(318): CodeIgniter\CodeIgniter->handleRequest(NULL, Object(Config\Cache), false)
#3 /Applications/MAMP/htdocs/bible-php-mysql-api/public/index.php(37): CodeIgniter\CodeIgniter->run()
#4 {main}
