CRITICAL - 2021-12-27 17:13:10 --> Undefined property: App\Controllers\Reference::$db
#0 /Applications/MAMP/htdocs/bible-php-mysql-api/app/Controllers/Reference.php(21): CodeIgniter\Debug\Exceptions->errorHandler(8, 'Undefined prope...', '/Applications/M...', 21, Array)
#1 /Applications/MAMP/htdocs/bible-php-mysql-api/vendor/codeigniter4/framework/system/CodeIgniter.php(824): App\Controllers\Reference->show('Bit.1:3')
#2 /Applications/MAMP/htdocs/bible-php-mysql-api/vendor/codeigniter4/framework/system/CodeIgniter.php(410): CodeIgniter\CodeIgniter->runController(Object(App\Controllers\Reference))
#3 /Applications/MAMP/htdocs/bible-php-mysql-api/vendor/codeigniter4/framework/system/CodeIgniter.php(318): CodeIgniter\CodeIgniter->handleRequest(NULL, Object(Config\Cache), false)
#4 /Applications/MAMP/htdocs/bible-php-mysql-api/public/index.php(39): CodeIgniter\CodeIgniter->run()
#5 {main}
CRITICAL - 2021-12-27 17:14:20 --> Undefined property: App\Controllers\Reference::$db
#0 /Applications/MAMP/htdocs/bible-php-mysql-api/app/Controllers/Reference.php(21): CodeIgniter\Debug\Exceptions->errorHandler(8, 'Undefined prope...', '/Applications/M...', 21, Array)
#1 /Applications/MAMP/htdocs/bible-php-mysql-api/vendor/codeigniter4/framework/system/CodeIgniter.php(824): App\Controllers\Reference->show('Bit.1:1')
#2 /Applications/MAMP/htdocs/bible-php-mysql-api/vendor/codeigniter4/framework/system/CodeIgniter.php(410): CodeIgniter\CodeIgniter->runController(Object(App\Controllers\Reference))
#3 /Applications/MAMP/htdocs/bible-php-mysql-api/vendor/codeigniter4/framework/system/CodeIgniter.php(318): CodeIgniter\CodeIgniter->handleRequest(NULL, Object(Config\Cache), false)
#4 /Applications/MAMP/htdocs/bible-php-mysql-api/public/index.php(39): CodeIgniter\CodeIgniter->run()
#5 {main}
CRITICAL - 2021-12-27 17:14:25 --> Undefined property: App\Controllers\Reference::$db
#0 /Applications/MAMP/htdocs/bible-php-mysql-api/app/Controllers/Reference.php(21): CodeIgniter\Debug\Exceptions->errorHandler(8, 'Undefined prope...', '/Applications/M...', 21, Array)
#1 /Applications/MAMP/htdocs/bible-php-mysql-api/vendor/codeigniter4/framework/system/CodeIgniter.php(824): App\Controllers\Reference->show('Bit.1:3')
#2 /Applications/MAMP/htdocs/bible-php-mysql-api/vendor/codeigniter4/framework/system/CodeIgniter.php(410): CodeIgniter\CodeIgniter->runController(Object(App\Controllers\Reference))
#3 /Applications/MAMP/htdocs/bible-php-mysql-api/vendor/codeigniter4/framework/system/CodeIgniter.php(318): CodeIgniter\CodeIgniter->handleRequest(NULL, Object(Config\Cache), false)
#4 /Applications/MAMP/htdocs/bible-php-mysql-api/public/index.php(39): CodeIgniter\CodeIgniter->run()
#5 {main}
CRITICAL - 2021-12-27 17:15:14 --> Undefined property: App\Controllers\Reference::$db
#0 /Applications/MAMP/htdocs/bible-php-mysql-api/app/Controllers/Reference.php(21): CodeIgniter\Debug\Exceptions->errorHandler(8, 'Undefined prope...', '/Applications/M...', 21, Array)
#1 /Applications/MAMP/htdocs/bible-php-mysql-api/vendor/codeigniter4/framework/system/CodeIgniter.php(824): App\Controllers\Reference->show('Bit.1:3')
#2 /Applications/MAMP/htdocs/bible-php-mysql-api/vendor/codeigniter4/framework/system/CodeIgniter.php(410): CodeIgniter\CodeIgniter->runController(Object(App\Controllers\Reference))
#3 /Applications/MAMP/htdocs/bible-php-mysql-api/vendor/codeigniter4/framework/system/CodeIgniter.php(318): CodeIgniter\CodeIgniter->handleRequest(NULL, Object(Config\Cache), false)
#4 /Applications/MAMP/htdocs/bible-php-mysql-api/public/index.php(39): CodeIgniter\CodeIgniter->run()
#5 {main}
CRITICAL - 2021-12-27 17:39:05 --> Undefined property: App\Controllers\Reference::$db
#0 /Applications/MAMP/htdocs/bible-php-mysql-api/app/Controllers/Reference.php(21): CodeIgniter\Debug\Exceptions->errorHandler(8, 'Undefined prope...', '/Applications/M...', 21, Array)
#1 /Applications/MAMP/htdocs/bible-php-mysql-api/vendor/codeigniter4/framework/system/CodeIgniter.php(824): App\Controllers\Reference->show('Bit.1:1')
#2 /Applications/MAMP/htdocs/bible-php-mysql-api/vendor/codeigniter4/framework/system/CodeIgniter.php(410): CodeIgniter\CodeIgniter->runController(Object(App\Controllers\Reference))
#3 /Applications/MAMP/htdocs/bible-php-mysql-api/vendor/codeigniter4/framework/system/CodeIgniter.php(318): CodeIgniter\CodeIgniter->handleRequest(NULL, Object(Config\Cache), false)
#4 /Applications/MAMP/htdocs/bible-php-mysql-api/public/index.php(39): CodeIgniter\CodeIgniter->run()
#5 {main}
CRITICAL - 2021-12-27 17:39:36 --> Undefined property: App\Controllers\Reference::$db
#0 /Applications/MAMP/htdocs/bible-php-mysql-api/app/Controllers/Reference.php(21): CodeIgniter\Debug\Exceptions->errorHandler(8, 'Undefined prope...', '/Applications/M...', 21, Array)
#1 /Applications/MAMP/htdocs/bible-php-mysql-api/vendor/codeigniter4/framework/system/CodeIgniter.php(824): App\Controllers\Reference->show('Bit.1:1')
#2 /Applications/MAMP/htdocs/bible-php-mysql-api/vendor/codeigniter4/framework/system/CodeIgniter.php(410): CodeIgniter\CodeIgniter->runController(Object(App\Controllers\Reference))
#3 /Applications/MAMP/htdocs/bible-php-mysql-api/vendor/codeigniter4/framework/system/CodeIgniter.php(318): CodeIgniter\CodeIgniter->handleRequest(NULL, Object(Config\Cache), false)
#4 /Applications/MAMP/htdocs/bible-php-mysql-api/public/index.php(39): CodeIgniter\CodeIgniter->run()
#5 {main}
CRITICAL - 2021-12-27 17:39:41 --> Undefined property: App\Controllers\Reference::$db
#0 /Applications/MAMP/htdocs/bible-php-mysql-api/app/Controllers/Reference.php(21): CodeIgniter\Debug\Exceptions->errorHandler(8, 'Undefined prope...', '/Applications/M...', 21, Array)
#1 /Applications/MAMP/htdocs/bible-php-mysql-api/vendor/codeigniter4/framework/system/CodeIgniter.php(824): App\Controllers\Reference->show('Bit.1:1')
#2 /Applications/MAMP/htdocs/bible-php-mysql-api/vendor/codeigniter4/framework/system/CodeIgniter.php(410): CodeIgniter\CodeIgniter->runController(Object(App\Controllers\Reference))
#3 /Applications/MAMP/htdocs/bible-php-mysql-api/vendor/codeigniter4/framework/system/CodeIgniter.php(318): CodeIgniter\CodeIgniter->handleRequest(NULL, Object(Config\Cache), false)
#4 /Applications/MAMP/htdocs/bible-php-mysql-api/public/index.php(39): CodeIgniter\CodeIgniter->run()
#5 {main}
CRITICAL - 2021-12-27 17:39:42 --> Undefined property: App\Controllers\Reference::$db
#0 /Applications/MAMP/htdocs/bible-php-mysql-api/app/Controllers/Reference.php(21): CodeIgniter\Debug\Exceptions->errorHandler(8, 'Undefined prope...', '/Applications/M...', 21, Array)
#1 /Applications/MAMP/htdocs/bible-php-mysql-api/vendor/codeigniter4/framework/system/CodeIgniter.php(824): App\Controllers\Reference->show('Bit.1:1')
#2 /Applications/MAMP/htdocs/bible-php-mysql-api/vendor/codeigniter4/framework/system/CodeIgniter.php(410): CodeIgniter\CodeIgniter->runController(Object(App\Controllers\Reference))
#3 /Applications/MAMP/htdocs/bible-php-mysql-api/vendor/codeigniter4/framework/system/CodeIgniter.php(318): CodeIgniter\CodeIgniter->handleRequest(NULL, Object(Config\Cache), false)
#4 /Applications/MAMP/htdocs/bible-php-mysql-api/public/index.php(39): CodeIgniter\CodeIgniter->run()
#5 {main}
CRITICAL - 2021-12-27 17:39:51 --> Undefined property: App\Controllers\Reference::$db
#0 /Applications/MAMP/htdocs/bible-php-mysql-api/app/Controllers/Reference.php(21): CodeIgniter\Debug\Exceptions->errorHandler(8, 'Undefined prope...', '/Applications/M...', 21, Array)
#1 /Applications/MAMP/htdocs/bible-php-mysql-api/vendor/codeigniter4/framework/system/CodeIgniter.php(824): App\Controllers\Reference->show('Bit.1:1')
#2 /Applications/MAMP/htdocs/bible-php-mysql-api/vendor/codeigniter4/framework/system/CodeIgniter.php(410): CodeIgniter\CodeIgniter->runController(Object(App\Controllers\Reference))
#3 /Applications/MAMP/htdocs/bible-php-mysql-api/vendor/codeigniter4/framework/system/CodeIgniter.php(318): CodeIgniter\CodeIgniter->handleRequest(NULL, Object(Config\Cache), false)
#4 /Applications/MAMP/htdocs/bible-php-mysql-api/public/index.php(39): CodeIgniter\CodeIgniter->run()
#5 {main}
CRITICAL - 2021-12-27 17:39:51 --> Undefined property: App\Controllers\Reference::$db
#0 /Applications/MAMP/htdocs/bible-php-mysql-api/app/Controllers/Reference.php(21): CodeIgniter\Debug\Exceptions->errorHandler(8, 'Undefined prope...', '/Applications/M...', 21, Array)
#1 /Applications/MAMP/htdocs/bible-php-mysql-api/vendor/codeigniter4/framework/system/CodeIgniter.php(824): App\Controllers\Reference->show('Bit.1:1')
#2 /Applications/MAMP/htdocs/bible-php-mysql-api/vendor/codeigniter4/framework/system/CodeIgniter.php(410): CodeIgniter\CodeIgniter->runController(Object(App\Controllers\Reference))
#3 /Applications/MAMP/htdocs/bible-php-mysql-api/vendor/codeigniter4/framework/system/CodeIgniter.php(318): CodeIgniter\CodeIgniter->handleRequest(NULL, Object(Config\Cache), false)
#4 /Applications/MAMP/htdocs/bible-php-mysql-api/public/index.php(39): CodeIgniter\CodeIgniter->run()
#5 {main}
